<?xml version="1.0" encoding="UTF-8"?>
<!-- Generated by org.testng.reporters.JUnitReportReporter -->
<testsuite hostname="LAPTOP-8UV05MOB" failures="0" tests="1" name="org.example.testcases.Cart" time="17.253" errors="0" timestamp="2025-09-06T21:13:55 IST" skipped="0">
  <testcase classname="org.example.testcases.Cart" name="cartTest" time="17.253"/>
</testsuite> <!-- org.example.testcases.Cart -->
