<?xml version="1.0" encoding="UTF-8"?>
<!-- Generated by org.testng.reporters.JUnitReportReporter -->
<testsuite hostname="LAPTOP-8UV05MOB" failures="0" tests="2" name="org.example.testcases.HomepageExplorer" time="11.264" errors="0" timestamp="2025-09-06T21:13:55 IST" skipped="0">
  <testcase classname="org.example.testcases.HomepageExplorer" name="SlideRightAndLeftArrow" time="6.454"/>
  <testcase classname="org.example.testcases.HomepageExplorer" name="Categories" time="4.810"/>
</testsuite> <!-- org.example.testcases.HomepageExplorer -->
