<?xml version="1.0" encoding="UTF-8"?>
<!-- Generated by org.testng.reporters.JUnitReportReporter -->
<testsuite hostname="LAPTOP-8UV05MOB" failures="0" tests="5" name="org.example.testcases.Login" time="29.500" errors="0" timestamp="2025-09-06T21:13:55 IST" skipped="0">
  <testcase classname="org.example.testcases.Login" name="loginWithInvalidUsername" time="6.079"/>
  <testcase classname="org.example.testcases.Login" name="loginWithValidUsernameAndInvalidPassword" time="5.619"/>
  <testcase classname="org.example.testcases.Login" name="loginWithEmptyFields" time="3.188"/>
  <testcase classname="org.example.testcases.Login" name="logout" time="7.572"/>
  <testcase classname="org.example.testcases.Login" name="validLogin" time="7.042"/>
</testsuite> <!-- org.example.testcases.Login -->
