<?xml version="1.0" encoding="UTF-8"?>
<!-- Generated by org.testng.reporters.JUnitReportReporter -->
<testsuite hostname="LAPTOP-8UV05MOB" failures="0" tests="3" name="org.example.testcases.PDP" time="16.273" errors="0" timestamp="2025-09-06T21:13:55 IST" skipped="0">
  <testcase classname="org.example.testcases.PDP" name="samsungGalaxyS6PDP" time="5.093"/>
  <testcase classname="org.example.testcases.PDP" name="macBookProPDP" time="5.679"/>
  <testcase classname="org.example.testcases.PDP" name="aSUSFullHDPDP" time="5.501"/>
</testsuite> <!-- org.example.testcases.PDP -->
